0 info it worked if it ends with ok
1 verbose cli [ '/usr/local/Cellar/node/0.10.26/bin/node',
1 verbose cli   '/usr/local/bin/npm',
1 verbose cli   'install',
1 verbose cli   'jquery',
1 verbose cli   '--save' ]
2 info using npm@1.4.3
3 info using node@v0.10.26
4 verbose readDependencies using package.json deps
5 verbose cache add [ 'jquery', null ]
6 verbose cache add name=undefined spec="jquery" args=["jquery",null]
7 verbose parsed url { protocol: null,
7 verbose parsed url   slashes: null,
7 verbose parsed url   auth: null,
7 verbose parsed url   host: null,
7 verbose parsed url   port: null,
7 verbose parsed url   hostname: null,
7 verbose parsed url   hash: null,
7 verbose parsed url   search: null,
7 verbose parsed url   query: null,
7 verbose parsed url   pathname: 'jquery',
7 verbose parsed url   path: 'jquery',
7 verbose parsed url   href: 'jquery' }
8 silly lockFile 6f2ab963-jquery jquery
9 verbose lock jquery /Users/angvishkumarsham/.npm/6f2ab963-jquery.lock
10 silly lockFile 6f2ab963-jquery jquery
11 silly lockFile 6f2ab963-jquery jquery
12 verbose addNamed [ 'jquery', '' ]
13 verbose addNamed [ null, '*' ]
14 silly lockFile 039e748d-jquery jquery@
15 verbose lock jquery@ /Users/angvishkumarsham/.npm/039e748d-jquery.lock
16 silly addNameRange { name: 'jquery', range: '*', hasData: false }
17 verbose url raw jquery
18 verbose url resolving [ 'https://registry.npmjs.org/', './jquery' ]
19 verbose url resolved https://registry.npmjs.org/jquery
20 info trying registry request attempt 1 at 01:06:46
21 http GET https://registry.npmjs.org/jquery
22 info retry will retry, error on last attempt: Error: socket hang up
23 info trying registry request attempt 2 at 01:08:08
24 http GET https://registry.npmjs.org/jquery
25 http 200 https://registry.npmjs.org/jquery
26 silly registry.get cb [ 200,
26 silly registry.get   { date: 'Thu, 19 Feb 2015 19:38:12 GMT',
26 silly registry.get     server: 'CouchDB/1.6.1 (Erlang OTP/R14B04)',
26 silly registry.get     etag: '"48375RKVOEPC9F6U1Q2ND4G2N"',
26 silly registry.get     'content-type': 'application/json',
26 silly registry.get     'cache-control': 'max-age=60',
26 silly registry.get     'content-length': '52972',
26 silly registry.get     'accept-ranges': 'bytes',
26 silly registry.get     via: '1.1 varnish',
26 silly registry.get     age: '2',
26 silly registry.get     'x-served-by': 'cache-lax1433-LAX',
26 silly registry.get     'x-cache': 'HIT',
26 silly registry.get     'x-cache-hits': '1',
26 silly registry.get     'x-timer': 'S1424374692.867359,VS0,VE0',
26 silly registry.get     vary: 'Accept',
26 silly registry.get     'keep-alive': 'timeout=10, max=50',
26 silly registry.get     connection: 'Keep-Alive' } ]
27 silly addNameRange number 2 { name: 'jquery', range: '*', hasData: true }
28 silly addNameRange versions [ 'jquery',
28 silly addNameRange   [ '1.5.1',
28 silly addNameRange     '1.6.2',
28 silly addNameRange     '1.6.3',
28 silly addNameRange     '1.7.2',
28 silly addNameRange     '1.7.3',
28 silly addNameRange     '1.8.2',
28 silly addNameRange     '1.8.3',
28 silly addNameRange     '2.1.0-beta2',
28 silly addNameRange     '2.1.0-beta3',
28 silly addNameRange     '1.11.0-beta3',
28 silly addNameRange     '1.11.0-rc1',
28 silly addNameRange     '2.1.0-rc1',
28 silly addNameRange     '1.11.0',
28 silly addNameRange     '2.1.0',
28 silly addNameRange     '2.1.1-beta1',
28 silly addNameRange     '1.11.1-beta1',
28 silly addNameRange     '2.1.1-rc1',
28 silly addNameRange     '1.11.1-rc1',
28 silly addNameRange     '2.1.1-rc2',
28 silly addNameRange     '1.11.1-rc2',
28 silly addNameRange     '2.1.1',
28 silly addNameRange     '1.11.1',
28 silly addNameRange     '1.9.1',
28 silly addNameRange     '2.1.2',
28 silly addNameRange     '1.11.2',
28 silly addNameRange     '2.1.3' ] ]
29 verbose addNamed [ 'jquery', '2.1.3' ]
30 verbose addNamed [ '2.1.3', '2.1.3' ]
31 silly lockFile 6fbd5787-jquery-2-1-3 jquery@2.1.3
32 verbose lock jquery@2.1.3 /Users/angvishkumarsham/.npm/6fbd5787-jquery-2-1-3.lock
33 silly lockFile 38b3ffac-pmjs-org-jquery-jquery-2-1-3-tgz https://registry.npmjs.org/jquery/-/jquery-2.1.3.tgz
34 verbose lock https://registry.npmjs.org/jquery/-/jquery-2.1.3.tgz /Users/angvishkumarsham/.npm/38b3ffac-pmjs-org-jquery-jquery-2-1-3-tgz.lock
35 verbose addRemoteTarball [ 'https://registry.npmjs.org/jquery/-/jquery-2.1.3.tgz',
35 verbose addRemoteTarball   '6ec55204673d505d39432c5bf5cfad10e1dbad2e' ]
36 info retry fetch attempt 1 at 01:08:17
37 verbose fetch to= /var/folders/f6/qnnssdt903z8_19kjg9mwj800000gn/T/npm-46939-bdA6xN9R/1424374697051-0.7960330545902252/tmp.tgz
38 http GET https://registry.npmjs.org/jquery/-/jquery-2.1.3.tgz
39 http 200 https://registry.npmjs.org/jquery/-/jquery-2.1.3.tgz
40 silly lockFile 38b3ffac-pmjs-org-jquery-jquery-2-1-3-tgz https://registry.npmjs.org/jquery/-/jquery-2.1.3.tgz
41 silly lockFile 38b3ffac-pmjs-org-jquery-jquery-2-1-3-tgz https://registry.npmjs.org/jquery/-/jquery-2.1.3.tgz
42 silly lockFile 6fbd5787-jquery-2-1-3 jquery@2.1.3
43 silly lockFile 6fbd5787-jquery-2-1-3 jquery@2.1.3
44 silly lockFile 039e748d-jquery jquery@
45 silly lockFile 039e748d-jquery jquery@
46 error Error: shasum check failed for /var/folders/f6/qnnssdt903z8_19kjg9mwj800000gn/T/npm-46939-bdA6xN9R/1424374697051-0.7960330545902252/tmp.tgz
46 error Expected: 6ec55204673d505d39432c5bf5cfad10e1dbad2e
46 error Actual:   b50d326abc8d076f60509abfeace74511d58ba97
46 error From:     https://registry.npmjs.org/jquery/-/jquery-2.1.3.tgz
46 error     at /usr/local/Cellar/node/0.10.26/lib/node_modules/npm/node_modules/sha/index.js:38:8
46 error     at ReadStream.<anonymous> (/usr/local/Cellar/node/0.10.26/lib/node_modules/npm/node_modules/sha/index.js:85:7)
46 error     at ReadStream.EventEmitter.emit (events.js:117:20)
46 error     at _stream_readable.js:920:16
46 error     at process._tickCallback (node.js:415:13)
47 error If you need help, you may report this *entire* log,
47 error including the npm and node versions, at:
47 error     <http://github.com/npm/npm/issues>
48 error System Darwin 12.3.0
49 error command "/usr/local/Cellar/node/0.10.26/bin/node" "/usr/local/bin/npm" "install" "jquery" "--save"
50 error cwd /Users/angvishkumarsham/myproject/sortable-list
51 error node -v v0.10.26
52 error npm -v 1.4.3
53 verbose exit [ 1, true ]
